E:\C応用\KADAI2\DEBUG\SHAIN.OBJ
E:\C応用\KADAI2\DEBUG\VC110.PDB
E:\C応用\KADAI2\SHAIN.ILK
E:\C応用\KADAI2\SHAIN.DLL
E:\C応用\KADAI2\SHAIN.PDB
E:\C応用\kadai2\Shain.lib
E:\C応用\kadai2\Shain.exp
E:\C応用\kadai2\Debug\Shain.obj
E:\C応用\kadai2\Debug\CL.read.1.tlog
E:\C応用\kadai2\Debug\CL.write.1.tlog
E:\C応用\kadai2\Debug\cl.command.1.tlog
E:\C応用\kadai2\Debug\link-rc.read.1.tlog
E:\C応用\kadai2\Debug\link-rc.write.1.tlog
E:\C応用\kadai2\Debug\link-cvtres.read.1.tlog
E:\C応用\kadai2\Debug\link-cvtres.write.1.tlog
E:\C応用\kadai2\Debug\link.read.1.tlog
E:\C応用\kadai2\Debug\link.write.1.tlog
E:\C応用\kadai2\Debug\link.command.1.tlog
E:\C応用\kadai2\Debug\kadai2.write.1.tlog
E:\C応用\kadai2\Debug\vc110.idb
E:\C応用\kadai2\Debug\vc110.pdb
E:\C応用\kadai2\Shain.pdb
E:\C応用\kadai2\Shain.dll
E:\C応用\kadai2\Shain.ilk
